<?xml version="1.0" encoding="UTF-8"?>
<testsuites name="fastlane">
  <testsuite name="deploy">
    <testcase name="0: fastlane_version" time="7.6e-05"/>
    <testcase name="1: update_fastlane" time="5.946332"/>
    <testcase name="2: ensure_git_status_clean" time="0.057056"/>
    <testcase name="3: increment_build_number" time="2.989893"/>
    <testcase name="4: xcclean" time="0.126133">
      <failure message="/usr/local/opt/rbenv/versions/2.2.1/lib/ruby/gems/2.2.0/gems/fastlane-0.12.5/lib/fastlane/actions/actions_helper.rb:34:in `execute_action'&#10;/usr/local/opt/rbenv/versions/2.2.1/lib/ruby/gems/2.2.0/gems/fastlane-0.12.5/lib/fastlane/fast_file.rb:94:in `block in method_missing'&#10;/usr/local/opt/rbenv/versions/2.2.1/lib/ruby/gems/2.2.0/gems/fastlane-0.12.5/lib/fastlane/fast_file.rb:93:in `chdir'&#10;/usr/local/opt/rbenv/versions/2.2.1/lib/ruby/gems/2.2.0/gems/fastlane-0.12.5/lib/fastlane/fast_file.rb:93:in `method_missing'&#10;(eval):8:in `block (2 levels) in parse'&#10;/usr/local/opt/rbenv/versions/2.2.1/lib/ruby/gems/2.2.0/gems/fastlane-0.12.5/lib/fastlane/runner.rb:32:in `call'&#10;/usr/local/opt/rbenv/versions/2.2.1/lib/ruby/gems/2.2.0/gems/fastlane-0.12.5/lib/fastlane/runner.rb:32:in `block in execute'&#10;/usr/local/opt/rbenv/versions/2.2.1/lib/ruby/gems/2.2.0/gems/fastlane-0.12.5/lib/fastlane/runner.rb:24:in `chdir'&#10;/usr/local/opt/rbenv/versions/2.2.1/lib/ruby/gems/2.2.0/gems/fastlane-0.12.5/lib/fastlane/runner.rb:24:in `execute'&#10;/usr/local/opt/rbenv/versions/2.2.1/lib/ruby/gems/2.2.0/gems/fastlane-0.12.5/lib/fastlane/lane_manager.rb:33:in `cruise_lane'&#10;/usr/local/opt/rbenv/versions/2.2.1/lib/ruby/gems/2.2.0/gems/fastlane-0.12.5/bin/fastlane:39:in `block (2 levels) in run'&#10;/usr/local/opt/rbenv/versions/2.2.1/lib/ruby/gems/2.2.0/gems/commander-4.3.3/lib/commander/command.rb:178:in `call'&#10;/usr/local/opt/rbenv/versions/2.2.1/lib/ruby/gems/2.2.0/gems/commander-4.3.3/lib/commander/command.rb:178:in `call'&#10;/usr/local/opt/rbenv/versions/2.2.1/lib/ruby/gems/2.2.0/gems/commander-4.3.3/lib/commander/command.rb:153:in `run'&#10;/usr/local/opt/rbenv/versions/2.2.1/lib/ruby/gems/2.2.0/gems/commander-4.3.3/lib/commander/runner.rb:428:in `run_active_command'&#10;/usr/local/opt/rbenv/versions/2.2.1/lib/ruby/gems/2.2.0/gems/commander-4.3.3/lib/commander/runner.rb:68:in `run!'&#10;/usr/local/opt/rbenv/versions/2.2.1/lib/ruby/gems/2.2.0/gems/commander-4.3.3/lib/commander/delegates.rb:15:in `run!'&#10;/usr/local/opt/rbenv/versions/2.2.1/lib/ruby/gems/2.2.0/gems/fastlane-0.12.5/bin/fastlane:118:in `run'&#10;/usr/local/opt/rbenv/versions/2.2.1/lib/ruby/gems/2.2.0/gems/fastlane-0.12.5/bin/fastlane:124:in `&lt;top (required)&gt;'&#10;/usr/local/opt/rbenv/versions/2.2.1/bin/fastlane:23:in `load'&#10;/usr/local/opt/rbenv/versions/2.2.1/bin/fastlane:23:in `&lt;main&gt;'&#10;&#10;Exit status of command 'set -o pipefail &amp;&amp; xcodebuild -workspace &quot;Watch The Corners.xcworkspace&quot; clean | xcpretty --color --simple' was 16384 instead of 0. &#10;xcodebuild: error: If you specify a workspace then you must also specify a scheme.  Use -list to see the schemes in this workspace.&#10;"/>
    </testcase>
    <testcase name="5: slack" time="0.367074"/>
    <testcase name="6: notify" time="0.355146"/>
  </testsuite>
</testsuites>
